<?xml version="1.0" encoding="UTF-8"?>
<!-- Generated by org.testng.reporters.JUnitXMLReporter -->
<testsuite ignored="0" hostname="DESKTOP-CMJQJNU" failures="0" tests="5" name="Default test" time="151.628" errors="0" timestamp="2022-03-04T16:24:06 CST">
  <testcase classname="tests.BaseClass" name="sampleTest" time="0.005"/>
  <testcase classname="tests.FacebookLoginSpec" name="LikeOwnProfilePic" time="30.746">
    <skipped/>
  </testcase> <!-- LikeOwnProfilePic -->
  <testcase classname="tests.FacebookLoginSpec" name="LikeOwnProfilePic" time="25.952"/>
  <testcase classname="tests.FacebookLoginSpec" name="VerifyLogin" time="15.114"/>
  <testcase classname="tests.FacebookLoginSpec" name="testOne" time="11.363"/>
</testsuite> <!-- Default test -->
