<?xml version="1.0" encoding="UTF-8"?>
<!-- Generated by org.testng.reporters.JUnitXMLReporter -->
<testsuite ignored="4" hostname="DESKTOP-CMJQJNU" failures="0" tests="1" name="Default test" time="37.593" errors="0" timestamp="2022-03-03T16:45:42 CST">
  <testcase classname="tests.FacebookLoginSpec" name="LikeOwnProfilePic" time="20.42"/>
  <testcase classname="tests.FacebookLoginSpec" name="testOne" time="0.0">
    <ignored/>
  </testcase> <!-- testOne -->
  <testcase classname="tests.FacebookLoginSpec" name="VerifyLogin" time="0.0">
    <ignored/>
  </testcase> <!-- VerifyLogin -->
  <testcase classname="tests.FacebookLoginSpec" name="testTwo" time="0.0">
    <ignored/>
  </testcase> <!-- testTwo -->
  <testcase classname="tests.BaseClass" name="sampleTest" time="0.0">
    <ignored/>
  </testcase> <!-- sampleTest -->
</testsuite> <!-- Default test -->
