<?xml version="1.0" encoding="UTF-8"?>
<!-- Generated by org.testng.reporters.JUnitXMLReporter -->
<testsuite ignored="0" hostname="DESKTOP-CMJQJNU" failures="0" tests="5" name="Regression" time="133.321" errors="0" timestamp="2022-03-04T16:42:27 CST">
  <testcase classname="tests.BaseClass" name="sampleTest" time="0.004"/>
  <testcase classname="tests.FacebookLoginSpec" name="LikeOwnProfilePic" time="23.847">
    <skipped/>
  </testcase> <!-- LikeOwnProfilePic -->
  <testcase classname="tests.FacebookLoginSpec" name="LikeOwnProfilePic" time="22.605"/>
  <testcase classname="tests.FacebookLoginSpec" name="VerifyLogin" time="14.9"/>
  <testcase classname="tests.FacebookLoginSpec" name="testOne" time="11.102"/>
</testsuite> <!-- Regression -->
