<?xml version="1.0" encoding="UTF-8"?>
<!-- Generated by org.testng.reporters.JUnitXMLReporter -->
<testsuite ignored="0" hostname="DESKTOP-CMJQJNU" failures="0" tests="4" name="Regression" time="95.951" errors="0" timestamp="2022-03-04T16:37:39 CST">
  <testcase classname="tests.BaseClass" name="sampleTest" time="0.004"/>
  <testcase classname="tests.FacebookLoginSpec" name="LikeOwnProfilePic" time="23.069"/>
  <testcase classname="tests.FacebookLoginSpec" name="VerifyLogin" time="13.857"/>
  <testcase classname="tests.FacebookLoginSpec" name="testOne" time="11.061"/>
</testsuite> <!-- Regression -->
