<?xml version="1.0" encoding="UTF-8"?>
<testng-results ignored="4" total="5" passed="1" failed="0" skipped="0">
  <reporter-output>
  </reporter-output>
  <suite started-at="2022-03-03T16:45:04 CST" name="Default suite" finished-at="2022-03-03T16:45:42 CST" duration-ms="37593">
    <groups>
    </groups>
    <test started-at="2022-03-03T16:45:04 CST" name="Default test" finished-at="2022-03-03T16:45:42 CST" duration-ms="37593">
      <class name="tests.FacebookLoginSpec">
        <test-method is-config="true" signature="setup()[pri:0, instance:tests.FacebookLoginSpec@1b7cc17c]" started-at="2022-03-03T16:45:04 CST" name="setup" finished-at="2022-03-03T16:45:20 CST" duration-ms="15804" status="PASS">
          <reporter-output>
          </reporter-output>
        </test-method> <!-- setup -->
        <test-method is-config="true" signature="init()[pri:0, instance:tests.FacebookLoginSpec@1b7cc17c]" started-at="2022-03-03T16:45:20 CST" name="init" finished-at="2022-03-03T16:45:20 CST" duration-ms="3" status="PASS">
          <reporter-output>
          </reporter-output>
        </test-method> <!-- init -->
        <test-method signature="LikeOwnProfilePic()[pri:0, instance:tests.FacebookLoginSpec@1b7cc17c]" started-at="2022-03-03T16:45:20 CST" name="LikeOwnProfilePic" finished-at="2022-03-03T16:45:40 CST" duration-ms="20420" status="PASS">
          <reporter-output>
          </reporter-output>
        </test-method> <!-- LikeOwnProfilePic -->
        <test-method is-config="true" signature="teardown()[pri:0, instance:tests.FacebookLoginSpec@1b7cc17c]" started-at="2022-03-03T16:45:40 CST" name="teardown" finished-at="2022-03-03T16:45:42 CST" duration-ms="1334" status="PASS">
          <reporter-output>
          </reporter-output>
        </test-method> <!-- teardown -->
      </class> <!-- tests.FacebookLoginSpec -->
    </test> <!-- Default test -->
  </suite> <!-- Default suite -->
</testng-results>
